Content-Type: multipart/alternative;
 boundary="===============0590736989186341189=="
MIME-Version: 1.0
Subject: Account activation on 127.0.0.1:8000
From: webmaster@localhost
To: test@test.com
Date: Wed, 12 Jan 2022 21:09:11 +0000
Message-ID: <164202175159.58136.11402074499623609360@MacBook-Pro-2.local>

--===============0590736989186341189==
Content-Type: text/plain; charset="utf-8"
MIME-Version: 1.0
Content-Transfer-Encoding: 7bit



You (or someone pretending to be you) have asked to register an account at
127.0.0.1:8000.  If this wasn't you, please ignore this email
and your address will be removed from our records.


To activate this account, please click the following link within the next
7 days:


http://127.0.0.1:8000/accounts/activate/09448541488e7e640e1964f0d6da79b98560e0d68d00e91935eab25034f387f0/


Sincerely,
127.0.0.1:8000 Management





--===============0590736989186341189==
Content-Type: text/html; charset="utf-8"
MIME-Version: 1.0
Content-Transfer-Encoding: 7bit


<!doctype html>
<html lang="en">

<head>
    <title>127.0.0.1:8000 registration</title>
</head>

<body>
<p>
    
    You (or someone pretending to be you) have asked to register an account at
    127.0.0.1:8000.  If this wasn't you, please ignore this email
    and your address will be removed from our records.
    
</p>
<p>
    
    To activate this account, please click the following link within the next
    7 days:
    
</p>

<p>
    <a href="http://127.0.0.1:8000/accounts/activate/09448541488e7e640e1964f0d6da79b98560e0d68d00e91935eab25034f387f0/">
        127.0.0.1:8000/accounts/activate/09448541488e7e640e1964f0d6da79b98560e0d68d00e91935eab25034f387f0/
    </a>
</p>
<p>
    
    Sincerely,
    127.0.0.1:8000 Management
    
</p>
</body>

</html>




--===============0590736989186341189==--

-------------------------------------------------------------------------------
